0 info it worked if it ends with ok
1 verbose cli [ '/usr/bin/nodejs', '/usr/local/bin/npm', 'start' ]
2 info using npm@3.10.6
3 info using node@v4.2.6
4 verbose run-script [ 'prestart', 'start', 'poststart' ]
5 info lifecycle web-bev-app@1.0.0~prestart: web-bev-app@1.0.0
6 silly lifecycle web-bev-app@1.0.0~prestart: no script for prestart, continuing
7 info lifecycle web-bev-app@1.0.0~start: web-bev-app@1.0.0
8 verbose lifecycle web-bev-app@1.0.0~start: unsafe-perm in lifecycle true
9 verbose lifecycle web-bev-app@1.0.0~start: PATH: /usr/local/lib/node_modules/npm/bin/node-gyp-bin:/home/ceustis/bev-web-app/node_modules/.bin:/home/ceustis/.dnx/runtimes/dnx-mono.1.0.0-rc1-update2/bin:/home/ceustis/.k/runtimes/kre-mono.1.0.0-beta3/bin:/home/ceustis/bin:/home/ceustis/.local/bin:/home/ceustis/.dnx/bin:/home/ceustis/bin:/home/ceustis/.local/bin:/usr/local/sbin:/usr/local/bin:/usr/sbin:/usr/bin:/sbin:/bin:/usr/games:/usr/local/games:/snap/bin:/snap/bin
10 verbose lifecycle web-bev-app@1.0.0~start: CWD: /home/ceustis/bev-web-app
11 silly lifecycle web-bev-app@1.0.0~start: Args: [ '-c', 'gulp serve-dev' ]
12 silly lifecycle web-bev-app@1.0.0~start: Returned: code: 1  signal: null
13 info lifecycle web-bev-app@1.0.0~start: Failed to exec start script
14 verbose stack Error: web-bev-app@1.0.0 start: `gulp serve-dev`
14 verbose stack Exit status 1
14 verbose stack     at EventEmitter.<anonymous> (/usr/local/lib/node_modules/npm/lib/utils/lifecycle.js:255:16)
14 verbose stack     at emitTwo (events.js:87:13)
14 verbose stack     at EventEmitter.emit (events.js:172:7)
14 verbose stack     at ChildProcess.<anonymous> (/usr/local/lib/node_modules/npm/lib/utils/spawn.js:40:14)
14 verbose stack     at emitTwo (events.js:87:13)
14 verbose stack     at ChildProcess.emit (events.js:172:7)
14 verbose stack     at maybeClose (internal/child_process.js:821:16)
14 verbose stack     at Process.ChildProcess._handle.onexit (internal/child_process.js:211:5)
15 verbose pkgid web-bev-app@1.0.0
16 verbose cwd /home/ceustis/bev-web-app
17 error Linux 4.4.0-45-generic
18 error argv "/usr/bin/nodejs" "/usr/local/bin/npm" "start"
19 error node v4.2.6
20 error npm  v3.10.6
21 error code ELIFECYCLE
22 error web-bev-app@1.0.0 start: `gulp serve-dev`
22 error Exit status 1
23 error Failed at the web-bev-app@1.0.0 start script 'gulp serve-dev'.
23 error Make sure you have the latest version of node.js and npm installed.
23 error If you do, this is most likely a problem with the web-bev-app package,
23 error not with npm itself.
23 error Tell the author that this fails on your system:
23 error     gulp serve-dev
23 error You can get information on how to open an issue for this project with:
23 error     npm bugs web-bev-app
23 error Or if that isn't available, you can get their info via:
23 error     npm owner ls web-bev-app
23 error There is likely additional logging output above.
24 verbose exit [ 1, true ]
